[DEBUG] 2025-02-17 23:16:58.353 [main] Horse - Создание Horse, имя Pony, скорость [2.8]
[ERROR] 2025-02-17 23:16:58.364 [main] Horse - Distance is negative
[DEBUG] 2025-02-17 23:16:58.366 [main] Horse - Создание Horse, имя Pony, скорость [2.8]
[DEBUG] 2025-02-17 23:16:58.366 [main] Horse - Создание Horse, имя Pony, скорость [2.8]
[DEBUG] 2025-02-17 23:16:58.929 [main] Horse - Создание Horse, имя Pony, скорость [2.8]
[ERROR] 2025-02-17 23:16:58.940 [main] Horse - Name is null
[ERROR] 2025-02-17 23:16:58.942 [main] Horse - Speed is negative
[ERROR] 2025-02-17 23:16:58.965 [main] Horse - Name is blank
[ERROR] 2025-02-17 23:16:58.971 [main] Horse - Name is blank
[ERROR] 2025-02-17 23:16:58.978 [main] Horse - Name is blank
[ERROR] 2025-02-17 23:16:58.980 [main] Horse - Name is blank
[ERROR] 2025-02-17 23:16:58.981 [main] Horse - Name is blank
[ERROR] 2025-02-17 23:16:58.982 [main] Horse - Name is blank
[ERROR] 2025-02-17 23:16:58.983 [main] Horse - Name is blank
[ERROR] 2025-02-17 23:16:58.984 [main] Horse - Name is blank
[DEBUG] 2025-02-17 23:16:58.985 [main] Horse - Создание Horse, имя Pony, скорость [2.8]
[DEBUG] 2025-02-17 23:16:58.989 [main] Horse - Создание Horse, имя Pony, скорость [2.8]
[ERROR] 2025-02-17 23:17:02.450 [main] Hippodrome - Hippodrome: Horses list is null
[ERROR] 2025-02-17 23:17:02.461 [main] Hippodrome - Hippodrome: Horses list is empty
[DEBUG] 2025-02-17 23:17:03.053 [main] Hippodrome - Создание Hippodrome, лошадей [7]
[DEBUG] 2025-02-17 23:17:03.100 [main] Horse - Создание Horse, имя Pony number 0, скорость [2.8]
[DEBUG] 2025-02-17 23:17:03.100 [main] Horse - Создание Horse, имя Pony number 1, скорость [2.8]
[DEBUG] 2025-02-17 23:17:03.101 [main] Horse - Создание Horse, имя Pony number 2, скорость [2.8]
[DEBUG] 2025-02-17 23:17:03.101 [main] Horse - Создание Horse, имя Pony number 3, скорость [2.8]
[DEBUG] 2025-02-17 23:17:03.101 [main] Horse - Создание Horse, имя Pony number 4, скорость [2.8]
[DEBUG] 2025-02-17 23:17:03.101 [main] Horse - Создание Horse, имя Pony number 5, скорость [2.8]
[DEBUG] 2025-02-17 23:17:03.101 [main] Horse - Создание Horse, имя Pony number 6, скорость [2.8]
[DEBUG] 2025-02-17 23:17:03.101 [main] Horse - Создание Horse, имя Pony number 7, скорость [2.8]
[DEBUG] 2025-02-17 23:17:03.101 [main] Horse - Создание Horse, имя Pony number 8, скорость [2.8]
[DEBUG] 2025-02-17 23:17:03.101 [main] Horse - Создание Horse, имя Pony number 9, скорость [2.8]
[DEBUG] 2025-02-17 23:17:03.101 [main] Horse - Создание Horse, имя Pony number 10, скорость [2.8]
[DEBUG] 2025-02-17 23:17:03.101 [main] Horse - Создание Horse, имя Pony number 11, скорость [2.8]
[DEBUG] 2025-02-17 23:17:03.101 [main] Horse - Создание Horse, имя Pony number 12, скорость [2.8]
[DEBUG] 2025-02-17 23:17:03.101 [main] Horse - Создание Horse, имя Pony number 13, скорость [2.8]
[DEBUG] 2025-02-17 23:17:03.102 [main] Horse - Создание Horse, имя Pony number 14, скорость [2.8]
[DEBUG] 2025-02-17 23:17:03.102 [main] Horse - Создание Horse, имя Pony number 15, скорость [2.8]
[DEBUG] 2025-02-17 23:17:03.102 [main] Horse - Создание Horse, имя Pony number 16, скорость [2.8]
[DEBUG] 2025-02-17 23:17:03.102 [main] Horse - Создание Horse, имя Pony number 17, скорость [2.8]
[DEBUG] 2025-02-17 23:17:03.102 [main] Horse - Создание Horse, имя Pony number 18, скорость [2.8]
[DEBUG] 2025-02-17 23:17:03.102 [main] Horse - Создание Horse, имя Pony number 19, скорость [2.8]
[DEBUG] 2025-02-17 23:17:03.102 [main] Horse - Создание Horse, имя Pony number 20, скорость [2.8]
[DEBUG] 2025-02-17 23:17:03.102 [main] Horse - Создание Horse, имя Pony number 21, скорость [2.8]
[DEBUG] 2025-02-17 23:17:03.102 [main] Horse - Создание Horse, имя Pony number 22, скорость [2.8]
[DEBUG] 2025-02-17 23:17:03.102 [main] Horse - Создание Horse, имя Pony number 23, скорость [2.8]
[DEBUG] 2025-02-17 23:17:03.102 [main] Horse - Создание Horse, имя Pony number 24, скорость [2.8]
[DEBUG] 2025-02-17 23:17:03.103 [main] Horse - Создание Horse, имя Pony number 25, скорость [2.8]
[DEBUG] 2025-02-17 23:17:03.103 [main] Horse - Создание Horse, имя Pony number 26, скорость [2.8]
[DEBUG] 2025-02-17 23:17:03.103 [main] Horse - Создание Horse, имя Pony number 27, скорость [2.8]
[DEBUG] 2025-02-17 23:17:03.103 [main] Horse - Создание Horse, имя Pony number 28, скорость [2.8]
[DEBUG] 2025-02-17 23:17:03.103 [main] Horse - Создание Horse, имя Pony number 29, скорость [2.8]
[DEBUG] 2025-02-17 23:17:03.103 [main] Horse - Создание Horse, имя Pony number 30, скорость [2.8]
[DEBUG] 2025-02-17 23:17:03.103 [main] Hippodrome - Создание Hippodrome, лошадей [7]
[DEBUG] 2025-02-17 23:17:03.105 [main] Horse - Создание Horse, имя Pony number 0, скорость [2.8]
[DEBUG] 2025-02-17 23:17:03.105 [main] Horse - Создание Horse, имя Pony number 1, скорость [2.8]
[DEBUG] 2025-02-17 23:17:03.105 [main] Horse - Создание Horse, имя Pony number 2, скорость [2.8]
[DEBUG] 2025-02-17 23:17:03.105 [main] Horse - Создание Horse, имя Pony number 3, скорость [2.8]
[DEBUG] 2025-02-17 23:17:03.105 [main] Horse - Создание Horse, имя Pony number 4, скорость [2.8]
[DEBUG] 2025-02-17 23:17:03.105 [main] Horse - Создание Horse, имя Pony number 5, скорость [2.8]
[DEBUG] 2025-02-17 23:17:03.105 [main] Horse - Создание Horse, имя Pony number 6, скорость [2.8]
[DEBUG] 2025-02-17 23:17:03.105 [main] Horse - Создание Horse, имя Pony number 7, скорость [2.8]
[DEBUG] 2025-02-17 23:17:03.105 [main] Horse - Создание Horse, имя Pony number 8, скорость [2.8]
[DEBUG] 2025-02-17 23:17:03.106 [main] Horse - Создание Horse, имя Pony number 9, скорость [2.8]
[DEBUG] 2025-02-17 23:17:03.106 [main] Horse - Создание Horse, имя Pony number 10, скорость [2.8]
[DEBUG] 2025-02-17 23:17:03.106 [main] Horse - Создание Horse, имя Pony number 11, скорость [2.8]
[DEBUG] 2025-02-17 23:17:03.106 [main] Horse - Создание Horse, имя Pony number 12, скорость [2.8]
[DEBUG] 2025-02-17 23:17:03.106 [main] Horse - Создание Horse, имя Pony number 13, скорость [2.8]
[DEBUG] 2025-02-17 23:17:03.106 [main] Horse - Создание Horse, имя Pony number 14, скорость [2.8]
[DEBUG] 2025-02-17 23:17:03.106 [main] Horse - Создание Horse, имя Pony number 15, скорость [2.8]
[DEBUG] 2025-02-17 23:17:03.106 [main] Horse - Создание Horse, имя Pony number 16, скорость [2.8]
[DEBUG] 2025-02-17 23:17:03.106 [main] Horse - Создание Horse, имя Pony number 17, скорость [2.8]
[DEBUG] 2025-02-17 23:17:03.107 [main] Horse - Создание Horse, имя Pony number 18, скорость [2.8]
[DEBUG] 2025-02-17 23:17:03.107 [main] Horse - Создание Horse, имя Pony number 19, скорость [2.8]
[DEBUG] 2025-02-17 23:17:03.107 [main] Horse - Создание Horse, имя Pony number 20, скорость [2.8]
[DEBUG] 2025-02-17 23:17:03.107 [main] Horse - Создание Horse, имя Pony number 21, скорость [2.8]
[DEBUG] 2025-02-17 23:17:03.107 [main] Horse - Создание Horse, имя Pony number 22, скорость [2.8]
[DEBUG] 2025-02-17 23:17:03.107 [main] Horse - Создание Horse, имя Pony number 23, скорость [2.8]
[DEBUG] 2025-02-17 23:17:03.107 [main] Horse - Создание Horse, имя Pony number 24, скорость [2.8]
[DEBUG] 2025-02-17 23:17:03.107 [main] Horse - Создание Horse, имя Pony number 25, скорость [2.8]
[DEBUG] 2025-02-17 23:17:03.107 [main] Horse - Создание Horse, имя Pony number 26, скорость [2.8]
[DEBUG] 2025-02-17 23:17:03.107 [main] Horse - Создание Horse, имя Pony number 27, скорость [2.8]
[DEBUG] 2025-02-17 23:17:03.107 [main] Horse - Создание Horse, имя Pony number 28, скорость [2.8]
[DEBUG] 2025-02-17 23:17:03.107 [main] Horse - Создание Horse, имя Pony number 29, скорость [2.8]
[DEBUG] 2025-02-17 23:17:03.108 [main] Horse - Создание Horse, имя Pony number 30, скорость [2.8]
[DEBUG] 2025-02-17 23:17:03.108 [main] Hippodrome - Создание Hippodrome, лошадей [7]
[DEBUG] 2025-02-17 23:17:13.522 [main] Horse - Создание Horse, имя Bucephalus, скорость [2.8]
[DEBUG] 2025-02-17 23:17:13.525 [main] Horse - Создание Horse, имя Ace of Spades, скорость [2.8]
[DEBUG] 2025-02-17 23:17:13.525 [main] Horse - Создание Horse, имя Zephyr, скорость [2.8]
[DEBUG] 2025-02-17 23:17:13.525 [main] Horse - Создание Horse, имя Blaze, скорость [2.8]
[DEBUG] 2025-02-17 23:17:13.525 [main] Horse - Создание Horse, имя Lobster, скорость [2.8]
[DEBUG] 2025-02-17 23:17:13.526 [main] Horse - Создание Horse, имя Pegasus, скорость [2.8]
[DEBUG] 2025-02-17 23:17:13.526 [main] Horse - Создание Horse, имя Cherry, скорость [2.8]
[DEBUG] 2025-02-17 23:17:13.526 [main] Hippodrome - Создание Hippodrome, лошадей [7]
[INFO ] 2025-02-17 23:17:13.526 [main] Main - Начало скачек. Количество участников: 7
[INFO ] 2025-02-17 23:17:14.340 [main] Main - Окончание скачек. Победитель: Cherry
